{
  "RSpec": {
    "coverage": {
      "/Users/mateusoliveirasantos/Documents/estudos/unb/eng_soft/CAMAAR/spec/controller/send_forms_controller_spec.rb": {
        "lines": [
          1,
          null,
          1,
          2,
          null,
          1,
          1,
          null,
          null,
          1,
          1,
          0,
          0,
          null,
          null,
          null,
          1,
          1,
          1,
          1,
          null,
          1,
          null,
          null,
          null
        ]
      },
      "/Users/mateusoliveirasantos/Documents/estudos/unb/eng_soft/CAMAAR/spec/rails_helper.rb": {
        "lines": [
          null,
          1,
          1,
          1,
          null,
          1,
          null,
          1,
          null,
          null,
          null,
          null,
          null,
          null,
          null,
          null,
          null,
          null,
          null,
          null,
          null,
          null,
          null,
          null,
          null,
          null,
          null,
          null,
          1,
          null,
          0,
          null,
          1,
          null,
          1,
          null,
          null,
          null,
          null,
          null,
          null,
          1,
          null,
          1,
          1,
          null,
          null,
          null,
          null,
          null,
          null,
          null,
          null,
          null,
          null,
          null,
          null,
          null,
          null,
          null,
          null,
          null,
          1,
          null,
          null,
          1,
          null,
          null,
          null,
          null
        ]
      },
      "/Users/mateusoliveirasantos/Documents/estudos/unb/eng_soft/CAMAAR/config/environment.rb": {
        "lines": [
          null,
          1,
          null,
          null,
          1
        ]
      },
      "/Users/mateusoliveirasantos/Documents/estudos/unb/eng_soft/CAMAAR/config/application.rb": {
        "lines": [
          1,
          null,
          1,
          null,
          null,
          null,
          1,
          null,
          1,
          1,
          null,
          1,
          null,
          null,
          null,
          null,
          1,
          null,
          1,
          1,
          null,
          null,
          1,
          null,
          null,
          null,
          null,
          null,
          null,
          null,
          null,
          null,
          null
        ]
      },
      "/Users/mateusoliveirasantos/Documents/estudos/unb/eng_soft/CAMAAR/config/boot.rb": {
        "lines": [
          1,
          null,
          1,
          1
        ]
      },
      "/Users/mateusoliveirasantos/Documents/estudos/unb/eng_soft/CAMAAR/config/environments/test.rb": {
        "lines": [
          1,
          null,
          null,
          null,
          null,
          null,
          null,
          1,
          null,
          1,
          1,
          null,
          null,
          null,
          null,
          1,
          null,
          null,
          null,
          null,
          null,
          1,
          null,
          null,
          1,
          1,
          null,
          null,
          null,
          null,
          1,
          1,
          1,
          null,
          null,
          1,
          null,
          null,
          1,
          null,
          null,
          1,
          null,
          1,
          null,
          null,
          null,
          null,
          1,
          null,
          null,
          1,
          null,
          null,
          1,
          null,
          null,
          1,
          null,
          null,
          null,
          null,
          null,
          null,
          null,
          null,
          1,
          null,
          null,
          1,
          null
        ]
      },
      "/Users/mateusoliveirasantos/Documents/estudos/unb/eng_soft/CAMAAR/config/initializers/assets.rb": {
        "lines": [
          null,
          null,
          null,
          1,
          null,
          null,
          null,
          null,
          null,
          null,
          null,
          null
        ]
      },
      "/Users/mateusoliveirasantos/Documents/estudos/unb/eng_soft/CAMAAR/config/initializers/content_security_policy.rb": {
        "lines": [
          null,
          null,
          null,
          null,
          null,
          null,
          null,
          null,
          null,
          null,
          null,
          null,
          null,
          null,
          null,
          null,
          null,
          null,
          null,
          null,
          null,
          null,
          null,
          null,
          null
        ]
      },
      "/Users/mateusoliveirasantos/Documents/estudos/unb/eng_soft/CAMAAR/config/initializers/devise.rb": {
        "lines": [
          null,
          null,
          null,
          null,
          null,
          null,
          null,
          null,
          null,
          null,
          1,
          null,
          null,
          null,
          null,
          null,
          null,
          null,
          null,
          null,
          null,
          null,
          null,
          null,
          null,
          null,
          1,
          null,
          null,
          1,
          null,
          null,
          1,
          null,
          null,
          null,
          null,
          null,
          1,
          null,
          null,
          null,
          null,
          null,
          null,
          null,
          null,
          null,
          1,
          null,
          null,
          null,
          null,
          null,
          null,
          null,
          null,
          null,
          null,
          null,
          1,
          null,
          null,
          null,
          null,
          1,
          null,
          null,
          null,
          null,
          null,
          null,
          null,
          null,
          null,
          null,
          null,
          null,
          null,
          null,
          null,
          null,
          null,
          null,
          null,
          null,
          null,
          null,
          null,
          null,
          null,
          null,
          null,
          null,
          null,
          null,
          null,
          null,
          null,
          1,
          null,
          null,
          null,
          null,
          null,
          null,
          null,
          null,
          null,
          null,
          null,
          null,
          null,
          null,
          null,
          null,
          null,
          null,
          null,
          null,
          null,
          null,
          null,
          null,
          null,
          1,
          null,
          null,
          null,
          null,
          null,
          null,
          null,
          null,
          null,
          null,
          null,
          null,
          null,
          null,
          null,
          null,
          null,
          null,
          null,
          null,
          null,
          null,
          null,
          null,
          null,
          null,
          null,
          null,
          null,
          null,
          null,
          null,
          null,
          1,
          null,
          null,
          null,
          null,
          null,
          null,
          null,
          null,
          null,
          1,
          null,
          null,
          null,
          null,
          null,
          null,
          null,
          null,
          null,
          null,
          1,
          null,
          null,
          null,
          null,
          1,
          null,
          null,
          null,
          null,
          null,
          null,
          null,
          null,
          null,
          null,
          null,
          null,
          null,
          null,
          null,
          null,
          null,
          null,
          null,
          null,
          null,
          null,
          null,
          null,
          null,
          null,
          null,
          null,
          null,
          null,
          null,
          null,
          null,
          null,
          null,
          null,
          null,
          null,
          null,
          null,
          1,
          null,
          null,
          null,
          1,
          null,
          null,
          null,
          null,
          null,
          null,
          null,
          null,
          null,
          null,
          null,
          null,
          null,
          null,
          null,
          null,
          null,
          null,
          null,
          null,
          null,
          null,
          null,
          null,
          null,
          null,
          null,
          null,
          null,
          null,
          null,
          null,
          null,
          null,
          1,
          null,
          null,
          1,
          null,
          null,
          null,
          null,
          null,
          null,
          null,
          null,
          null,
          null,
          null,
          null,
          null,
          null,
          null,
          null,
          null,
          null,
          null,
          null,
          null,
          null,
          null,
          null,
          null,
          null,
          null,
          null,
          null,
          null,
          null,
          null,
          null,
          null,
          null,
          1,
          1,
          null,
          null,
          null,
          null,
          null,
          null,
          null
        ]
      },
      "/Users/mateusoliveirasantos/Documents/estudos/unb/eng_soft/CAMAAR/config/initializers/filter_parameter_logging.rb": {
        "lines": [
          null,
          null,
          null,
          null,
          null,
          1,
          null,
          null
        ]
      },
      "/Users/mateusoliveirasantos/Documents/estudos/unb/eng_soft/CAMAAR/config/initializers/inflections.rb": {
        "lines": [
          null,
          null,
          null,
          null,
          null,
          null,
          null,
          null,
          null,
          null,
          null,
          null,
          null,
          null,
          null,
          null
        ]
      },
      "/Users/mateusoliveirasantos/Documents/estudos/unb/eng_soft/CAMAAR/config/initializers/permissions_policy.rb": {
        "lines": [
          null,
          null,
          null,
          null,
          null,
          null,
          null,
          null,
          null,
          null,
          null,
          null,
          null
        ]
      },
      "/Users/mateusoliveirasantos/Documents/estudos/unb/eng_soft/CAMAAR/spec/factories/form_requests.rb": {
        "lines": [
          1,
          1,
          1,
          1,
          1,
          1,
          null,
          null
        ]
      },
      "/Users/mateusoliveirasantos/Documents/estudos/unb/eng_soft/CAMAAR/spec/factories/form_responses.rb": {
        "lines": [
          1,
          1,
          1,
          1,
          1,
          null,
          null
        ]
      },
      "/Users/mateusoliveirasantos/Documents/estudos/unb/eng_soft/CAMAAR/spec/factories/study_classes.rb": {
        "lines": [
          null,
          null,
          1,
          1,
          1,
          1,
          1,
          1,
          1,
          null,
          null,
          1,
          null,
          null
        ]
      },
      "/Users/mateusoliveirasantos/Documents/estudos/unb/eng_soft/CAMAAR/spec/factories/template_questions.rb": {
        "lines": [
          1,
          1,
          1,
          1,
          1,
          null,
          null
        ]
      },
      "/Users/mateusoliveirasantos/Documents/estudos/unb/eng_soft/CAMAAR/spec/factories/templates.rb": {
        "lines": [
          1,
          1,
          1,
          null,
          null
        ]
      },
      "/Users/mateusoliveirasantos/Documents/estudos/unb/eng_soft/CAMAAR/spec/factories/users.rb": {
        "lines": [
          1,
          1,
          2,
          2,
          2,
          1,
          null,
          null
        ]
      },
      "/Users/mateusoliveirasantos/Documents/estudos/unb/eng_soft/CAMAAR/config/routes.rb": {
        "lines": [
          1,
          1,
          null,
          1,
          1,
          null,
          null,
          1,
          1,
          null,
          1,
          1,
          1,
          null,
          null,
          null,
          1,
          null,
          1,
          1,
          1,
          null,
          null,
          null,
          null,
          1,
          null,
          1,
          null
        ]
      },
      "/Users/mateusoliveirasantos/Documents/estudos/unb/eng_soft/CAMAAR/app/models/user.rb": {
        "lines": [
          1,
          null,
          null,
          1,
          null,
          1,
          null,
          1,
          null,
          1,
          1,
          null,
          1,
          0,
          null,
          null,
          1,
          null,
          null,
          null,
          null,
          0,
          0,
          0,
          0,
          0,
          null,
          null,
          null,
          1,
          0,
          null,
          null,
          null,
          1,
          null,
          1,
          0,
          0,
          0,
          0,
          null,
          0,
          null,
          null,
          1,
          0,
          0,
          0,
          0,
          null,
          0,
          null,
          null,
          1,
          null,
          1,
          2,
          2,
          null,
          null
        ]
      },
      "/Users/mateusoliveirasantos/Documents/estudos/unb/eng_soft/CAMAAR/app/models/application_record.rb": {
        "lines": [
          1,
          1,
          null
        ]
      },
      "/Users/mateusoliveirasantos/Documents/estudos/unb/eng_soft/CAMAAR/app/helpers/application_helper.rb": {
        "lines": [
          1,
          1,
          0,
          null,
          null,
          1,
          0,
          null,
          null,
          1,
          0,
          null,
          null
        ]
      },
      "/Users/mateusoliveirasantos/Documents/estudos/unb/eng_soft/CAMAAR/app/helpers/avaliacoes_helper.rb": {
        "lines": [
          1,
          null
        ]
      },
      "/Users/mateusoliveirasantos/Documents/estudos/unb/eng_soft/CAMAAR/app/helpers/home_helper.rb": {
        "lines": [
          1,
          1,
          0,
          null,
          null
        ]
      },
      "/Users/mateusoliveirasantos/Documents/estudos/unb/eng_soft/CAMAAR/app/helpers/response_helper.rb": {
        "lines": [
          1,
          null
        ]
      },
      "/Users/mateusoliveirasantos/Documents/estudos/unb/eng_soft/CAMAAR/app/helpers/resultados_helper.rb": {
        "lines": [
          1,
          null
        ]
      },
      "/Users/mateusoliveirasantos/Documents/estudos/unb/eng_soft/CAMAAR/app/helpers/template_question_helper.rb": {
        "lines": [
          1,
          null
        ]
      },
      "/Users/mateusoliveirasantos/Documents/estudos/unb/eng_soft/CAMAAR/app/helpers/templates_helper.rb": {
        "lines": [
          1,
          null
        ]
      },
      "/Users/mateusoliveirasantos/Documents/estudos/unb/eng_soft/CAMAAR/app/controllers/send_forms_controller.rb": {
        "lines": [
          1,
          1,
          0,
          0,
          0,
          null,
          null,
          1,
          1,
          null,
          1,
          3,
          0,
          null,
          0,
          0,
          0,
          0,
          null,
          null,
          null,
          0,
          0,
          null,
          null,
          null,
          null,
          null
        ]
      },
      "/Users/mateusoliveirasantos/Documents/estudos/unb/eng_soft/CAMAAR/app/controllers/application_controller.rb": {
        "lines": [
          1,
          1,
          null,
          1,
          null,
          1,
          0,
          0,
          0,
          0,
          null,
          null,
          1,
          0,
          null,
          null,
          1,
          0,
          0,
          null,
          null,
          1,
          0,
          null,
          null
        ]
      },
      "/Users/mateusoliveirasantos/Documents/estudos/unb/eng_soft/CAMAAR/app/models/template.rb": {
        "lines": [
          1,
          1,
          1,
          null,
          1,
          null,
          1,
          0,
          null,
          null
        ]
      }
    },
    "timestamp": 1720203120
  }
}
